<?xml version="1.0" encoding="UTF-8"?>
<testsuite xmlns:xsi="http://www.w3.org/2001/XMLSchema-instance" xsi:noNamespaceSchemaLocation="https://maven.apache.org/surefire/maven-surefire-plugin/xsd/surefire-test-report.xsd" version="3.0.2" name="br.com.banco.dados.DadosApplicationTests" time="10.799" tests="1" errors="0" skipped="0" failures="0">
  <properties>
[...]
</properties>
  <testcase name="contextLoads" classname="br.com.banco.dados.DadosApplicationTests" time="0.862">
    <system-out><![CDATA[16:33:27.629 [main] INFO org.springframework.test.context.support.AnnotationConfigContextLoaderUtils -- Could not detect default configuration classes for test class [br.com.banco.dados.DadosApplicationTests]: DadosApplicationTests does not declare any static, non-private, non-final, nested classes annotated with @Configuration.
16:33:27.881 [main] INFO org.springframework.boot.test.context.SpringBootTestContextBootstrapper -- Found @SpringBootConfiguration br.com.banco.DadosApplication for test class br.com.banco.dados.DadosApplicationTests

  .   ____          _            __ _ _
 /\\ / ___'_ __ _ _(_)_ __  __ _ \ \ \ \
( ( )\___ | '_ | '_| | '_ \/ _` | \ \ \ \
 \\/  ___)| |_)| | | | | || (_| |  ) ) ) )
  '  |____| .__|_| |_|_| |_\__, | / / / /
 =========|_|==============|___/=/_/_/_/

 :: Spring Boot ::                (v3.5.5)

2025-11-12T16:33:28.904-03:00  INFO 20968 --- [           main] b.com.banco.dados.DadosApplicationTests  : Starting DadosApplicationTests using Java 17.0.17 with PID 20968 (started by I2DS in C:\Users\I2DS\Desktop\certo\dados)
2025-11-12T16:33:28.907-03:00  INFO 20968 --- [           main] b.com.banco.dados.DadosApplicationTests  : No active profile set, falling back to 1 default profile: "default"
2025-11-12T16:33:30.300-03:00  INFO 20968 --- [           main] .s.d.r.c.RepositoryConfigurationDelegate : Bootstrapping Spring Data JPA repositories in DEFAULT mode.
2025-11-12T16:33:30.458-03:00  INFO 20968 --- [           main] .s.d.r.c.RepositoryConfigurationDelegate : Finished Spring Data repository scanning in 127 ms. Found 2 JPA repository interfaces.
2025-11-12T16:33:31.109-03:00  INFO 20968 --- [           main] com.zaxxer.hikari.HikariDataSource       : HikariPool-1 - Starting...
2025-11-12T16:33:31.824-03:00  INFO 20968 --- [           main] com.zaxxer.hikari.pool.HikariPool        : HikariPool-1 - Added connection com.mysql.cj.jdbc.ConnectionImpl@437ed416
2025-11-12T16:33:31.827-03:00  INFO 20968 --- [           main] com.zaxxer.hikari.HikariDataSource       : HikariPool-1 - Start completed.
2025-11-12T16:33:32.060-03:00  INFO 20968 --- [           main] o.hibernate.jpa.internal.util.LogHelper  : HHH000204: Processing PersistenceUnitInfo [name: default]
2025-11-12T16:33:32.212-03:00  INFO 20968 --- [           main] org.hibernate.Version                    : HHH000412: Hibernate ORM core version 6.6.26.Final
2025-11-12T16:33:32.312-03:00  INFO 20968 --- [           main] o.h.c.internal.RegionFactoryInitiator    : HHH000026: Second-level cache disabled
2025-11-12T16:33:32.935-03:00  INFO 20968 --- [           main] o.s.o.j.p.SpringPersistenceUnitInfo      : No LoadTimeWeaver setup: ignoring JPA class transformer
2025-11-12T16:33:33.229-03:00  INFO 20968 --- [           main] org.hibernate.orm.connections.pooling    : HHH10001005: Database info:
	Database JDBC URL [Connecting through datasource 'HikariDataSource (HikariPool-1)']
	Database driver: undefined/unknown
	Database version: 8.0.41
	Autocommit mode: undefined/unknown
	Isolation level: undefined/unknown
	Minimum pool size: undefined/unknown
	Maximum pool size: undefined/unknown
2025-11-12T16:33:34.652-03:00  INFO 20968 --- [           main] o.h.e.t.j.p.i.JtaPlatformInitiator       : HHH000489: No JTA platform available (set 'hibernate.transaction.jta.platform' to enable JTA platform integration)
2025-11-12T16:33:34.787-03:00  INFO 20968 --- [           main] j.LocalContainerEntityManagerFactoryBean : Initialized JPA EntityManagerFactory for persistence unit 'default'
2025-11-12T16:33:35.290-03:00  INFO 20968 --- [           main] o.s.d.j.r.query.QueryEnhancerFactory     : Hibernate is in classpath; If applicable, HQL parser will be used.
2025-11-12T16:33:36.401-03:00  WARN 20968 --- [           main] JpaBaseConfiguration$JpaWebConfiguration : spring.jpa.open-in-view is enabled by default. Therefore, database queries may be performed during view rendering. Explicitly configure spring.jpa.open-in-view to disable this warning
2025-11-12T16:33:36.448-03:00  INFO 20968 --- [           main] o.s.b.a.w.s.WelcomePageHandlerMapping    : Adding welcome page: ServletContext resource [/index.html]
2025-11-12T16:33:36.966-03:00  WARN 20968 --- [           main] ion$DefaultTemplateResolverConfiguration : Cannot find template location: classpath:/templates/ (please add some templates, check your Thymeleaf configuration, or set spring.thymeleaf.check-template-location=false)
2025-11-12T16:33:37.213-03:00  INFO 20968 --- [           main] b.com.banco.dados.DadosApplicationTests  : Started DadosApplicationTests in 8.879 seconds (process running for 11.211)
]]></system-out>
  </testcase>
</testsuite>